<?xml version="1.0" encoding="UTF-8"?>
<testng-results ignored="0" total="1" passed="1" failed="0" skipped="0">
  <reporter-output>
  </reporter-output>
  <suite started-at="2023-04-13T13:49:21 IST" name="Default suite" finished-at="2023-04-13T13:49:21 IST" duration-ms="51">
    <groups>
    </groups>
    <test started-at="2023-04-13T13:49:21 IST" name="Default test" finished-at="2023-04-13T13:49:21 IST" duration-ms="51">
      <class name="JavaStreams">
        <test-method signature="test()[pri:0, instance:JavaStreams@54bff557]" started-at="2023-04-13T13:49:21 IST" name="test" finished-at="2023-04-13T13:49:21 IST" duration-ms="12" status="PASS">
          <reporter-output>
          </reporter-output>
        </test-method> <!-- test -->
      </class> <!-- JavaStreams -->
    </test> <!-- Default test -->
  </suite> <!-- Default suite -->
</testng-results>
